# JRE version: Java(TM) SE Runtime Environment (8.0_191-b12) (build 1.8.0_191-b12)
# Java VM: Java HotSpot(TM) 64-Bit Server VM (25.191-b12 mixed mode windows-amd64 compressed oops)
Heap:
 PSYoungGen      total 895488K, used 811083K [0x0000000780800000, 0x00000007bd000000, 0x00000007c0000000)
  eden space 839168K, 89% used [0x0000000780800000,0x00000007ae915430,0x00000007b3b80000)
  from space 56320K, 99% used [0x00000007b7e00000,0x00000007bb4fd8e0,0x00000007bb500000)
  to   space 68096K, 0% used [0x00000007b3b80000,0x00000007b3b80000,0x00000007b7e00000)
 ParOldGen       total 158208K, used 97492K [0x0000000701800000, 0x000000070b280000, 0x0000000780800000)
  object space 158208K, 61% used [0x0000000701800000,0x00000007077351e0,0x000000070b280000)
 Metaspace       used 42498K, capacity 44058K, committed 44208K, reserved 1087488K
  class space    used 5448K, capacity 5717K, committed 5808K, reserved 1048576K
GC Heap History (10 events):
Event: 8.917 GC heap before
{Heap before GC invocations=16 (full 1):
 PSYoungGen      total 454144K, used 452050K [0x0000000780800000, 0x000000079de00000, 0x00000007c0000000)
  eden space 432640K, 100% used [0x0000000780800000,0x000000079ae80000,0x000000079ae80000)
  from space 21504K, 90% used [0x000000079c580000,0x000000079d874a48,0x000000079da80000)
  to   space 23552K, 0% used [0x000000079ae80000,0x000000079ae80000,0x000000079c580000)
 ParOldGen       total 71680K, used 38850K [0x0000000701800000, 0x0000000705e00000, 0x0000000780800000)
  object space 71680K, 54% used [0x0000000701800000,0x0000000703df09c0,0x0000000705e00000)
 Metaspace       used 31164K, capacity 32020K, committed 32048K, reserved 1077248K
  class space    used 3934K, capacity 4136K, committed 4144K, reserved 1048576K
Event: 8.963 GC heap after
Heap after GC invocations=16 (full 1):
 PSYoungGen      total 456192K, used 23523K [0x0000000780800000, 0x00000007acd00000, 0x00000007c0000000)
  eden space 432640K, 0% used [0x0000000780800000,0x0000000780800000,0x000000079ae80000)
  from space 23552K, 99% used [0x000000079ae80000,0x000000079c578d58,0x000000079c580000)
  to   space 35840K, 0% used [0x00000007aaa00000,0x00000007aaa00000,0x00000007acd00000)
 ParOldGen       total 71680K, used 63288K [0x0000000701800000, 0x0000000705e00000, 0x0000000780800000)
  object space 71680K, 88% used [0x0000000701800000,0x00000007055ce2c0,0x0000000705e00000)
 Metaspace       used 31164K, capacity 32020K, committed 32048K, reserved 1077248K
  class space    used 3934K, capacity 4136K, committed 4144K, reserved 1048576K
}
Event: 8.963 GC heap before
{Heap before GC invocations=17 (full 2):
 PSYoungGen      total 456192K, used 23523K [0x0000000780800000, 0x00000007acd00000, 0x00000007c0000000)
  eden space 432640K, 0% used [0x0000000780800000,0x0000000780800000,0x000000079ae80000)
  from space 23552K, 99% used [0x000000079ae80000,0x000000079c578d58,0x000000079c580000)
  to   space 35840K, 0% used [0x00000007aaa00000,0x00000007aaa00000,0x00000007acd00000)
 ParOldGen       total 71680K, used 63288K [0x0000000701800000, 0x0000000705e00000, 0x0000000780800000)
  object space 71680K, 88% used [0x0000000701800000,0x00000007055ce2c0,0x0000000705e00000)
 Metaspace       used 31164K, capacity 32020K, committed 32048K, reserved 1077248K
  class space    used 3934K, capacity 4136K, committed 4144K, reserved 1048576K
Event: 9.065 GC heap after
Heap after GC invocations=17 (full 2):
 PSYoungGen      total 456192K, used 0K [0x0000000780800000, 0x00000007acd00000, 0x00000007c0000000)
  eden space 432640K, 0% used [0x0000000780800000,0x0000000780800000,0x000000079ae80000)
  from space 23552K, 0% used [0x000000079ae80000,0x000000079ae80000,0x000000079c580000)
  to   space 35840K, 0% used [0x00000007aaa00000,0x00000007aaa00000,0x00000007acd00000)
 ParOldGen       total 158208K, used 64283K [0x0000000701800000, 0x000000070b280000, 0x0000000780800000)
  object space 158208K, 40% used [0x0000000701800000,0x00000007056c6c58,0x000000070b280000)
 Metaspace       used 31164K, capacity 32020K, committed 32048K, reserved 1077248K
  class space    used 3934K, capacity 4136K, committed 4144K, reserved 1048576K
}
Event: 9.667 GC heap before
{Heap before GC invocations=18 (full 2):
 PSYoungGen      total 456192K, used 432640K [0x0000000780800000, 0x00000007acd00000, 0x00000007c0000000)
  eden space 432640K, 100% used [0x0000000780800000,0x000000079ae80000,0x000000079ae80000)
  from space 23552K, 0% used [0x000000079ae80000,0x000000079ae80000,0x000000079c580000)
  to   space 35840K, 0% used [0x00000007aaa00000,0x00000007aaa00000,0x00000007acd00000)
 ParOldGen       total 158208K, used 64283K [0x0000000701800000, 0x000000070b280000, 0x0000000780800000)
  object space 158208K, 40% used [0x0000000701800000,0x00000007056c6c70,0x000000070b280000)
 Metaspace       used 32521K, capacity 33460K, committed 33584K, reserved 1079296K
  class space    used 4133K, capacity 4360K, committed 4400K, reserved 1048576K
Event: 9.720 GC heap after
Heap after GC invocations=18 (full 2):
 PSYoungGen      total 676352K, used 35821K [0x0000000780800000, 0x00000007adc00000, 0x00000007c0000000)
  eden space 640512K, 0% used [0x0000000780800000,0x0000000780800000,0x00000007a7980000)
  from space 35840K, 99% used [0x00000007aaa00000,0x00000007accfb4a0,0x00000007acd00000)
  to   space 49664K, 0% used [0x00000007a7980000,0x00000007a7980000,0x00000007aaa00000)
 ParOldGen       total 158208K, used 86175K [0x0000000701800000, 0x000000070b280000, 0x0000000780800000)
  object space 158208K, 54% used [0x0000000701800000,0x0000000706c27e68,0x000000070b280000)
 Metaspace       used 32521K, capacity 33460K, committed 33584K, reserved 1079296K
  class space    used 4133K, capacity 4360K, committed 4400K, reserved 1048576K
}
Event: 10.157 GC heap before
{Heap before GC invocations=19 (full 2):
 PSYoungGen      total 676352K, used 676333K [0x0000000780800000, 0x00000007adc00000, 0x00000007c0000000)
  eden space 640512K, 100% used [0x0000000780800000,0x00000007a7980000,0x00000007a7980000)
  from space 35840K, 99% used [0x00000007aaa00000,0x00000007accfb4a0,0x00000007acd00000)
  to   space 49664K, 0% used [0x00000007a7980000,0x00000007a7980000,0x00000007aaa00000)
 ParOldGen       total 158208K, used 86186K [0x0000000701800000, 0x000000070b280000, 0x0000000780800000)
  object space 158208K, 54% used [0x0000000701800000,0x0000000706c2a8d8,0x000000070b280000)
 Metaspace       used 32523K, capacity 33460K, committed 33584K, reserved 1079296K
  class space    used 4133K, capacity 4360K, committed 4400K, reserved 1048576K
Event: 10.197 GC heap after
Heap after GC invocations=19 (full 2):
 PSYoungGen      total 690176K, used 45768K [0x0000000780800000, 0x00000007bb500000, 0x00000007c0000000)
  eden space 640512K, 0% used [0x0000000780800000,0x0000000780800000,0x00000007a7980000)
  from space 49664K, 92% used [0x00000007a7980000,0x00000007aa632030,0x00000007aaa00000)
  to   space 56320K, 0% used [0x00000007b7e00000,0x00000007b7e00000,0x00000007bb500000)
 ParOldGen       total 158208K, used 90440K [0x0000000701800000, 0x000000070b280000, 0x0000000780800000)
  object space 158208K, 57% used [0x0000000701800000,0x00000007070520c8,0x000000070b280000)
 Metaspace       used 32523K, capacity 33460K, committed 33584K, reserved 1079296K
  class space    used 4133K, capacity 4360K, committed 4400K, reserved 1048576K
}
Event: 10.621 GC heap before
{Heap before GC invocations=20 (full 2):
 PSYoungGen      total 690176K, used 686280K [0x0000000780800000, 0x00000007bb500000, 0x00000007c0000000)
  eden space 640512K, 100% used [0x0000000780800000,0x00000007a7980000,0x00000007a7980000)
  from space 49664K, 92% used [0x00000007a7980000,0x00000007aa632030,0x00000007aaa00000)
  to   space 56320K, 0% used [0x00000007b7e00000,0x00000007b7e00000,0x00000007bb500000)
 ParOldGen       total 158208K, used 90448K [0x0000000701800000, 0x000000070b280000, 0x0000000780800000)
  object space 158208K, 57% used [0x0000000701800000,0x00000007070540d8,0x000000070b280000)
 Metaspace       used 32557K, capacity 33460K, committed 33584K, reserved 1079296K
  class space    used 4133K, capacity 4360K, committed 4400K, reserved 1048576K
Event: 10.670 GC heap after
Heap after GC invocations=20 (full 2):
 PSYoungGen      total 895488K, used 56310K [0x0000000780800000, 0x00000007bd000000, 0x00000007c0000000)
  eden space 839168K, 0% used [0x0000000780800000,0x0000000780800000,0x00000007b3b80000)
  from space 56320K, 99% used [0x00000007b7e00000,0x00000007bb4fd8e0,0x00000007bb500000)
  to   space 68096K, 0% used [0x00000007b3b80000,0x00000007b3b80000,0x00000007b7e00000)
 ParOldGen       total 158208K, used 97492K [0x0000000701800000, 0x000000070b280000, 0x0000000780800000)
  object space 158208K, 61% used [0x0000000701800000,0x00000007077351e0,0x000000070b280000)
 Metaspace       used 32557K, capacity 33460K, committed 33584K, reserved 1079296K
  class space    used 4133K, capacity 4360K, committed 4400K, reserved 1048576K
}

